[web.archive.org/web/20240325070546/http_/www.industriaslunaelectric.com/index.html]
[web.archive.org/_static/js/bundle-playbacke82b.js]
[web.archive.org/_static/js/wombat9b8c.js]
[web.archive.org/_static/js/ruffle/ruffle.js]
[web.archive.org/_static/css/banner-styles52e6.css]
[backblue.gif]
[fade.gif]
[index.html]
[web.archive.org/_static/css/iconochive29a7.css]
[web.archive.org/web/20240108070642cs_/http_/industriaslunaelectric.com/archivos/css/style.css]
[web.archive.org/web/20240108070636im_/http_/industriaslunaelectric.com/archivos/images/silder-1.jpg]
[web.archive.org/web/20240108070636im_/http_/industriaslunaelectric.com/archivos/images/silder-2.jpg]
[web.archive.org/web/20240108070636im_/http_/industriaslunaelectric.com/archivos/images/silder-3.jpg]
[web.archive.org/web/20240108070637im_/http_/industriaslunaelectric.com/archivos/images/products/visicooler-lg-290.png]
[web.archive.org/web/20240108070638im_/http_/industriaslunaelectric.com/archivos/images/products/VSP-25PRO-2.png]
[web.archive.org/web/20240108070638im_/http_/industriaslunaelectric.com/archivos/images/products/CTV-220Q_02.png]
[web.archive.org/web/20240108070638im_/http_/industriaslunaelectric.com/archivos/images/IMPLEMENTA-CAFETERIA.jpg]
[web.archive.org/web/20240108070638im_/http_/industriaslunaelectric.com/archivos/images/PASTELERIA.jpg]
[web.archive.org/web/20240108070638im_/http_/industriaslunaelectric.com/archivos/images/restaurante.jpg]
[web.archive.org/web/20240108070638im_/http_/industriaslunaelectric.com/archivos/images/products/crepera-VCE-1.png]
[web.archive.org/web/20240108070638im_/http_/industriaslunaelectric.com/archivos/images/products/helado-artesanal-duro.png]
[web.archive.org/web/20240108070638im_/http_/industriaslunaelectric.com/archivos/images/products/lavamanos-portatil.png]
[web.archive.org/web/20240108070638im_/http_/industriaslunaelectric.com/archivos/images/products/amasadora-industrial.png]
[web.archive.org/web/20240108070638im_/http_/industriaslunaelectric.com/archivos/images/products/VMC-70N_5.png]
[web.archive.org/web/20240108070638im_/http_/industriaslunaelectric.com/archivos/images/products/freezer-refrigerador.png]
[web.archive.org/web/20240108070638im_/http_/industriaslunaelectric.com/archivos/images/testimonial-chef.jpg]
[web.archive.org/web/20240108070638im_/http_/industriaslunaelectric.com/archivos/images/batidora-banner.jpg]
[web.archive.org/web/20240108070638im_/http_/industriaslunaelectric.com/archivos/images/HELADERIA.jpg]
[web.archive.org/web/20240108070639im_/http_/industriaslunaelectric.com/archivos/images/products/helado-soft-25pro-pr.jpg]
[web.archive.org/web/20240108070639im_/http_/industriaslunaelectric.com/archivos/images/products/helado-soft-sobremesa-pr.jpg]
[web.archive.org/web/20240108070639im_/http_/industriaslunaelectric.com/archivos/images/products/helado-soft-35-pr.jpg]
[web.archive.org/web/20240108070639im_/http_/industriaslunaelectric.com/archivos/images/products/helado-soft-40-pr.jpg]
[web.archive.org/web/20240108070639im_/http_/industriaslunaelectric.com/archivos/images/products/maquina-helado-artesanal-sobremesa-il-pr.jpg]
[web.archive.org/web/20240108070639im_/http_/industriaslunaelectric.com/archivos/images/products/helado-frito-pr.jpg]
[web.archive.org/web/20240108070639im_/http_/industriaslunaelectric.com/archivos/images/products/vitrina-09-pozas-pr.jpg]
[web.archive.org/web/20240108070639im_/http_/industriaslunaelectric.com/archivos/images/WAFLERAS.jpg]
[web.archive.org/web/20240108070639im_/http_/industriaslunaelectric.com/archivos/images/products/crepera-electrica-pr.jpg]
[web.archive.org/web/20240108070639im_/http_/industriaslunaelectric.com/archivos/images/products/crepera-electrica-doble-pr.jpg]
[web.archive.org/web/20240108070639im_/http_/industriaslunaelectric.com/archivos/images/products/waflera-electrica-pr.jpg]
[web.archive.org/web/20240108070641im_/http_/industriaslunaelectric.com/archivos/images/products/waflera-electrica-doble-pr.jpg]
[web.archive.org/web/20240108070641im_/http_/industriaslunaelectric.com/archivos/images/products/waflera-burbuja-pr.jpg]
[web.archive.org/web/20240108070641js_/http_/industriaslunaelectric.com/archivos/js/isotope.pkgd.min.js]
[web.archive.org/web/20240325071127jm_/https_/unpkg.com/ionicons@5.5.2/dist/ionicons/ionicons.esm.js]
[web.archive.org/web/20240325054250js_/https_/unpkg.com/ionicons@5.5.2/dist/ionicons/ionicons.js]
[web.archive.org/web/20240325074105js_/https_/cdnjs.cloudflare.com/ajax/libs/jquery/3.5.1/jquery.min.js]
[web.archive.org/web/20240325084427js_/https_/cdnjs.cloudflare.com/ajax/libs/slick-carousel/1.6.0/slick.min.js]
[web.archive.org/web/20240108070641js_/http_/industriaslunaelectric.com/archivos/js/slider.js]
[web.archive.org/web/20240108070641js_/http_/industriaslunaelectric.com/archivos/js/script.js]
[web.archive.org/web/20240325070546/http_/www.industriaslunaelectric.com/index.html]
[web.archive.org/web/20240108070641js_/http_/industriaslunaelectric.com/archivos/js/carusel.js]
[web.archive.org/_static/css/banner-styles52e6.css]
[web.archive.org/_static/css/iconochive29a7.css]
[web.archive.org/web/20240108070642cs_/http_/industriaslunaelectric.com/archivos/css/style.css]
[web.archive.org/web/20240108070641js_/http_/industriaslunaelectric.com/archivos/js/isotope.pkgd.min.html]
[web.archive.org/_static/css/record.css]
[web.archive.org/_static/css/record.css]
